<?xml version="1.0" encoding="UTF-8"?>
<!-- Generated by org.testng.reporters.JUnitReportReporter -->
<testsuite skipped="0" hostname="SANTOSHSHZ936H2" name="test.TestArrayAddition" tests="1" failures="0" timestamp="19 May 2018 14:20:34 GMT" time="0.009" errors="0">
  <testcase name="testArray" time="0.009" classname="test.TestArrayAddition"/>
</testsuite> <!-- test.TestArrayAddition -->
