<?xml version="1.0" encoding="UTF-8"?>
<!-- Generated by org.testng.reporters.JUnitReportReporter -->
<testsuite skipped="0" hostname="SANTOSHSHZ936H2" name="test.TestAllAssignments" tests="3" failures="0" timestamp="20 May 2018 09:53:52 GMT" time="0.043" errors="0">
  <testcase name="testArrayAddition" time="0.041" classname="test.TestAllAssignments"/>
  <testcase name="testMedianCalculator" time="0.001" classname="test.TestAllAssignments"/>
  <testcase name="testUniquesubstring" time="0.001" classname="test.TestAllAssignments"/>
</testsuite> <!-- test.TestAllAssignments -->
