<?xml version="1.0" encoding="UTF-8"?>
<!-- Generated by org.testng.reporters.JUnitReportReporter -->
<testsuite skipped="0" hostname="SANTOSHSHZ936H2" name="test.NewTest" tests="3" failures="0" timestamp="20 May 2018 09:54:05 GMT" time="0.041" errors="0">
  <testcase name="testUniquesubstring" time="0.002" classname="test.NewTest"/>
  <testcase name="testMedianCalculator" time="0.038" classname="test.NewTest"/>
  <testcase name="testArrayAddition" time="0.001" classname="test.NewTest"/>
</testsuite> <!-- test.NewTest -->
